Generating documentation in Directory("./doc/")
#I Composing XML document . . .
#I Parsing XML document . . .
#I Checking XML structure . . .
#I Text version (also produces labels for hyperlinks):
#I First run, collecting cross references, index, toc, bib and so on . . .
#I Table of contents complete.
#I Producing the index . . .
#I Reading bibliography data files . . . 
#I   BibTeX format: alco
#I   checking and translating to BibXMLext . . .
#I Writing bibliography . . .
#I Second run through document . . .
#I Producing simplified search strings and labels for hyperlinks . . .
#I Constructing LaTeX version and calling pdflatex:
#I Writing LaTeX file, 4 x pdflatex with bibtex and makeindex, 
#I Writing manual.six file ... 
#I Finally the HTML version . . .
#I First run, collecting cross references, index, toc, bib and so on . . .
#I Table of contents complete.
#I Producing the index . . .
#I Writing bibliography . . .
#I Second run through document . . .
#I - also HTML version for MathJax . . .
#I First run, collecting cross references, index, toc, bib and so on . . .
#I Table of contents complete.
#I Producing the index . . .
#I Writing bibliography . . .
#I Second run through document . . .
#I  File: ./doc/manual.lab written.
Extracting manual examples for ALCO package ...
6 chapters detected
Chapter 1 : extracted 3 examples
Chapter 2 : extracted 20 examples
Chapter 3 : extracted 12 examples
Chapter 4 : extracted 28 examples
Chapter 5 : extracted 13 examples
Chapter 6 : extracted 3 examples
