\BOOKMARK [0][-]{chapter.1}{Introduction}{}% 1
\BOOKMARK [0][-]{chapter.2}{Octonions}{}% 2
\BOOKMARK [1][-]{section.2.1}{Octonion Algebras}{chapter.2}% 3
\BOOKMARK [1][-]{section.2.2}{Properties of Octonions}{chapter.2}% 4
\BOOKMARK [1][-]{section.2.3}{Other Octonion Tools}{chapter.2}% 5
\BOOKMARK [1][-]{section.2.4}{Quaternion and Icosian Tools}{chapter.2}% 6
\BOOKMARK [0][-]{chapter.3}{Simple Euclidean Jordan Algebras}{}% 7
\BOOKMARK [1][-]{section.3.1}{Filters and Basic Attributes}{chapter.3}% 8
\BOOKMARK [1][-]{section.3.2}{Jordan Algebra Constructions}{chapter.3}% 9
\BOOKMARK [1][-]{section.3.3}{Additional Tools and Properties}{chapter.3}% 10
\BOOKMARK [0][-]{chapter.4}{Jordan Designs and their Association Schemes}{}% 11
\BOOKMARK [1][-]{section.4.1}{Jacobi Polynomials}{chapter.4}% 12
\BOOKMARK [1][-]{section.4.2}{Jordan Designs}{chapter.4}% 13
\BOOKMARK [1][-]{section.4.3}{Designs with an Angle Set}{chapter.4}% 14
\BOOKMARK [1][-]{section.4.4}{Designs with Cardinality and Angle Set}{chapter.4}% 15
\BOOKMARK [1][-]{section.4.5}{Designs Admitting a Regular Scheme}{chapter.4}% 16
\BOOKMARK [1][-]{section.4.6}{Designs Admitting an Association Scheme}{chapter.4}% 17
\BOOKMARK [1][-]{section.4.7}{Examples}{chapter.4}% 18
\BOOKMARK [0][-]{chapter.5}{Octonion Lattice Constructions}{}% 19
\BOOKMARK [1][-]{section.5.1}{Gram Matrix Filters}{chapter.5}% 20
\BOOKMARK [1][-]{section.5.2}{Octonion Lattice Constructions}{chapter.5}% 21
\BOOKMARK [1][-]{section.5.3}{Octonion Lattice Attributes}{chapter.5}% 22
\BOOKMARK [1][-]{section.5.4}{Octonion Lattice Operations}{chapter.5}% 23
\BOOKMARK [0][-]{chapter.6}{Closure Tools}{}% 24
\BOOKMARK [1][-]{section.6.1}{Brute Force Method}{chapter.6}% 25
\BOOKMARK [1][-]{section.6.2}{Random Choice Methods}{chapter.6}% 26
\BOOKMARK [0][-]{chapter*.3}{References}{}% 27
\BOOKMARK [0][-]{section*.4}{Index}{}% 28
