This is pdfTeX, Version 3.14159265-2.6-1.40.20 (TeX Live 2019/Debian) (preloaded format=pdflatex 2023.8.19)  1 JAN 2024 20:51
entering extended mode
 restricted \write18 enabled.
 %&-line parsing enabled.
**alco
(./alco.tex
LaTeX2e <2020-02-02> patch level 2
L3 programming layer <2020-02-14>
(/usr/share/texlive/texmf-dist/tex/latex/base/report.cls
Document Class: report 2019/12/20 v1.4l Standard LaTeX document class
(/usr/share/texlive/texmf-dist/tex/latex/base/size11.clo
File: size11.clo 2019/12/20 v1.4l Standard LaTeX file (size option)
)
\c@part=\count167
\c@chapter=\count168
\c@section=\count169
\c@subsection=\count170
\c@subsubsection=\count171
\c@paragraph=\count172
\c@subparagraph=\count173
\c@figure=\count174
\c@table=\count175
\abovecaptionskip=\skip47
\belowcaptionskip=\skip48
\bibindent=\dimen134
)
(/usr/share/texlive/texmf-dist/tex/latex/geometry/geometry.sty
Package: geometry 2020/01/02 v5.9 Page Geometry

(/usr/share/texlive/texmf-dist/tex/latex/graphics/keyval.sty
Package: keyval 2014/10/28 v1.15 key=value parser (DPC)
\KV@toks@=\toks14
)
(/usr/share/texlive/texmf-dist/tex/generic/iftex/ifvtex.sty
Package: ifvtex 2019/10/25 v1.7 ifvtex legacy package. Use iftex instead.

(/usr/share/texlive/texmf-dist/tex/generic/iftex/iftex.sty
Package: iftex 2019/11/07 v1.0c TeX engine tests
))
\Gm@cnth=\count176
\Gm@cntv=\count177
\c@Gm@tempcnt=\count178
\Gm@bindingoffset=\dimen135
\Gm@wd@mp=\dimen136
\Gm@odd@mp=\dimen137
\Gm@even@mp=\dimen138
\Gm@layoutwidth=\dimen139
\Gm@layoutheight=\dimen140
\Gm@layouthoffset=\dimen141
\Gm@layoutvoffset=\dimen142
\Gm@dimlist=\toks15
)
(/usr/share/texlive/texmf-dist/tex/latex/amsfonts/amssymb.sty
Package: amssymb 2013/01/14 v3.01 AMS font symbols

(/usr/share/texlive/texmf-dist/tex/latex/amsfonts/amsfonts.sty
Package: amsfonts 2013/01/14 v3.01 Basic AMSFonts support
\@emptytoks=\toks16
\symAMSa=\mathgroup4
\symAMSb=\mathgroup5
LaTeX Font Info:    Redeclaring math symbol \hbar on input line 98.
LaTeX Font Info:    Overwriting math alphabet `\mathfrak' in version `bold'
(Font)                  U/euf/m/n --> U/euf/b/n on input line 106.
))
(/usr/share/texlive/texmf-dist/tex/latex/base/inputenc.sty
Package: inputenc 2018/08/11 v1.3c Input encoding file
\inpenc@prehook=\toks17
\inpenc@posthook=\toks18

(/usr/share/texlive/texmf-dist/tex/latex/base/latin1.def
File: latin1.def 2018/08/11 v1.3c Input encoding file
))
(/usr/share/texlive/texmf-dist/tex/latex/base/makeidx.sty
Package: makeidx 2014/09/29 v1.0m Standard LaTeX package
)
\@indexfile=\write3
\openout3 = `alco.idx'.


Writing index file alco.idx
(/usr/share/texlive/texmf-dist/tex/latex/graphics/color.sty
Package: color 2019/11/23 v1.2a Standard LaTeX Color (DPC)

(/usr/share/texlive/texmf-dist/tex/latex/graphics-cfg/color.cfg
File: color.cfg 2016/01/02 v1.6 sample color configuration
)
Package color Info: Driver file: pdftex.def on input line 147.

(/usr/share/texlive/texmf-dist/tex/latex/graphics-def/pdftex.def
File: pdftex.def 2018/01/08 v1.0l Graphics/color driver for pdftex
))
(/usr/share/texlive/texmf-dist/tex/latex/fancyvrb/fancyvrb.sty
Package: fancyvrb 2020/01/13 v3.5 verbatim text (tvz,hv)
\FV@CodeLineNo=\count179
\FV@InFile=\read2
\FV@TabBox=\box45
\c@FancyVerbLine=\count180
\FV@StepNumber=\count181
\FV@OutFile=\write4
)
(/usr/share/texlive/texmf-dist/tex/latex/psnfss/mathptmx.sty
Package: mathptmx 2005/04/12 PSNFSS-v9.2a Times w/ Math, improved (SPQR, WaS) 
LaTeX Font Info:    Redeclaring symbol font `operators' on input line 28.
LaTeX Font Info:    Overwriting symbol font `operators' in version `normal'
(Font)                  OT1/cmr/m/n --> OT1/ztmcm/m/n on input line 28.
LaTeX Font Info:    Overwriting symbol font `operators' in version `bold'
(Font)                  OT1/cmr/bx/n --> OT1/ztmcm/m/n on input line 28.
LaTeX Font Info:    Redeclaring symbol font `letters' on input line 29.
LaTeX Font Info:    Overwriting symbol font `letters' in version `normal'
(Font)                  OML/cmm/m/it --> OML/ztmcm/m/it on input line 29.
LaTeX Font Info:    Overwriting symbol font `letters' in version `bold'
(Font)                  OML/cmm/b/it --> OML/ztmcm/m/it on input line 29.
LaTeX Font Info:    Redeclaring symbol font `symbols' on input line 30.
LaTeX Font Info:    Overwriting symbol font `symbols' in version `normal'
(Font)                  OMS/cmsy/m/n --> OMS/ztmcm/m/n on input line 30.
LaTeX Font Info:    Overwriting symbol font `symbols' in version `bold'
(Font)                  OMS/cmsy/b/n --> OMS/ztmcm/m/n on input line 30.
LaTeX Font Info:    Redeclaring symbol font `largesymbols' on input line 31.
LaTeX Font Info:    Overwriting symbol font `largesymbols' in version `normal'
(Font)                  OMX/cmex/m/n --> OMX/ztmcm/m/n on input line 31.
LaTeX Font Info:    Overwriting symbol font `largesymbols' in version `bold'
(Font)                  OMX/cmex/m/n --> OMX/ztmcm/m/n on input line 31.
\symbold=\mathgroup6
\symitalic=\mathgroup7
LaTeX Font Info:    Redeclaring math alphabet \mathbf on input line 34.
LaTeX Font Info:    Overwriting math alphabet `\mathbf' in version `normal'
(Font)                  OT1/cmr/bx/n --> OT1/ptm/bx/n on input line 34.
LaTeX Font Info:    Overwriting math alphabet `\mathbf' in version `bold'
(Font)                  OT1/cmr/bx/n --> OT1/ptm/bx/n on input line 34.
LaTeX Font Info:    Redeclaring math alphabet \mathit on input line 35.
LaTeX Font Info:    Overwriting math alphabet `\mathit' in version `normal'
(Font)                  OT1/cmr/m/it --> OT1/ptm/m/it on input line 35.
LaTeX Font Info:    Overwriting math alphabet `\mathit' in version `bold'
(Font)                  OT1/cmr/bx/it --> OT1/ptm/m/it on input line 35.
LaTeX Info: Redefining \hbar on input line 50.
)
(/usr/share/texlive/texmf-dist/tex/latex/psnfss/helvet.sty
Package: helvet 2005/04/12 PSNFSS-v9.2a (WaS) 
)
(/usr/share/texlive/texmf-dist/tex/latex/base/fontenc.sty
Package: fontenc 2020/02/11 v2.0o Standard LaTeX package
LaTeX Font Info:    Trying to load font information for T1+ptm on input line 11
2.

(/usr/share/texlive/texmf-dist/tex/latex/psnfss/t1ptm.fd
File: t1ptm.fd 2001/06/04 font definitions for T1/ptm.
))
(/usr/share/texlive/texmf-dist/tex/latex/base/textcomp.sty
Package: textcomp 2020/02/02 v2.0n Standard LaTeX package
)
(/usr/share/texlive/texmf-dist/tex/latex/hyperref/hyperref.sty
Package: hyperref 2020/01/14 v7.00d Hypertext links for LaTeX

(/usr/share/texlive/texmf-dist/tex/generic/ltxcmds/ltxcmds.sty
Package: ltxcmds 2019/12/15 v1.24 LaTeX kernel commands for general use (HO)
)
(/usr/share/texlive/texmf-dist/tex/latex/pdftexcmds/pdftexcmds.sty
Package: pdftexcmds 2019/11/24 v0.31 Utility functions of pdfTeX for LuaTeX (HO
)

(/usr/share/texlive/texmf-dist/tex/generic/infwarerr/infwarerr.sty
Package: infwarerr 2019/12/03 v1.5 Providing info/warning/error messages (HO)
)
Package pdftexcmds Info: \pdf@primitive is available.
Package pdftexcmds Info: \pdf@ifprimitive is available.
Package pdftexcmds Info: \pdfdraftmode found.
)
(/usr/share/texlive/texmf-dist/tex/generic/kvsetkeys/kvsetkeys.sty
Package: kvsetkeys 2019/12/15 v1.18 Key value parser (HO)
)
(/usr/share/texlive/texmf-dist/tex/generic/kvdefinekeys/kvdefinekeys.sty
Package: kvdefinekeys 2019-12-19 v1.6 Define keys (HO)
)
(/usr/share/texlive/texmf-dist/tex/generic/pdfescape/pdfescape.sty
Package: pdfescape 2019/12/09 v1.15 Implements pdfTeX's escape features (HO)
)
(/usr/share/texlive/texmf-dist/tex/latex/hycolor/hycolor.sty
Package: hycolor 2020-01-27 v1.10 Color options for hyperref/bookmark (HO)
)
(/usr/share/texlive/texmf-dist/tex/latex/letltxmacro/letltxmacro.sty
Package: letltxmacro 2019/12/03 v1.6 Let assignment for LaTeX macros (HO)
)
(/usr/share/texlive/texmf-dist/tex/latex/auxhook/auxhook.sty
Package: auxhook 2019-12-17 v1.6 Hooks for auxiliary files (HO)
)
(/usr/share/texlive/texmf-dist/tex/latex/kvoptions/kvoptions.sty
Package: kvoptions 2019/11/29 v3.13 Key value format for package options (HO)
)
\@linkdim=\dimen143
\Hy@linkcounter=\count182
\Hy@pagecounter=\count183

(/usr/share/texlive/texmf-dist/tex/latex/hyperref/pd1enc.def
File: pd1enc.def 2020/01/14 v7.00d Hyperref: PDFDocEncoding definition (HO)
Now handling font encoding PD1 ...
... no UTF-8 mapping file for font encoding PD1
)
(/usr/share/texlive/texmf-dist/tex/generic/intcalc/intcalc.sty
Package: intcalc 2019/12/15 v1.3 Expandable calculations with integers (HO)
)
(/usr/share/texlive/texmf-dist/tex/generic/etexcmds/etexcmds.sty
Package: etexcmds 2019/12/15 v1.7 Avoid name clashes with e-TeX commands (HO)
)
\Hy@SavedSpaceFactor=\count184
\pdfmajorversion=\count185


Package hyperref Warning: Unexpected value for option `pdftex'
(hyperref)                is ignored on input line 4421.

Package hyperref Info: Option `bookmarks' set `true' on input line 4421.

Package hyperref Warning: Option `a4paper' is no longer used.

Package hyperref Info: Option `colorlinks' set `true' on input line 4421.
Package hyperref Info: Option `breaklinks' set `true' on input line 4421.
Package hyperref Info: Hyper figures OFF on input line 4547.
Package hyperref Info: Link nesting OFF on input line 4552.
Package hyperref Info: Hyper index ON on input line 4555.
Package hyperref Info: Plain pages OFF on input line 4562.
Package hyperref Info: Backreferencing ON on input line 4565.
Package hyperref Info: Implicit mode ON; LaTeX internals redefined.
Package hyperref Info: Bookmarks ON on input line 4800.
(/usr/share/texlive/texmf-dist/tex/latex/hyperref/backref.sty
Package: backref 2020/01/14 v1.40 Bibliographical back referencing

(/usr/share/texlive/texmf-dist/tex/latex/rerunfilecheck/rerunfilecheck.sty
Package: rerunfilecheck 2019/12/05 v1.9 Rerun checks for auxiliary files (HO)

(/usr/share/texlive/texmf-dist/tex/latex/atveryend/atveryend.sty
Package: atveryend 2019-12-11 v1.11 Hooks at the very end of document (HO)
Package atveryend Info: \enddocument detected (standard20110627).
)
(/usr/share/texlive/texmf-dist/tex/generic/uniquecounter/uniquecounter.sty
Package: uniquecounter 2019/12/15 v1.4 Provide unlimited unique counter (HO)

(/usr/share/texlive/texmf-dist/tex/generic/bigintcalc/bigintcalc.sty
Package: bigintcalc 2019/12/15 v1.5 Expandable calculations on big integers (HO
)
))
Package uniquecounter Info: New unique counter `rerunfilecheck' on input line 2
86.
))
\c@Hy@tempcnt=\count186

(/usr/share/texlive/texmf-dist/tex/latex/url/url.sty
\Urlmuskip=\muskip16
Package: url 2013/09/16  ver 3.4  Verb mode for urls, etc.
)
LaTeX Info: Redefining \url on input line 5159.
\XeTeXLinkMargin=\dimen144

(/usr/share/texlive/texmf-dist/tex/generic/bitset/bitset.sty
Package: bitset 2019/12/09 v1.3 Handle bit-vector datatype (HO)
)
\Fld@menulength=\count187
\Field@Width=\dimen145
\Fld@charsize=\dimen146
Package hyperref Info: Hyper figures OFF on input line 6430.
Package hyperref Info: Link nesting OFF on input line 6435.
Package hyperref Info: Hyper index ON on input line 6438.
Package hyperref Info: backreferencing ON on input line 6443.
Package hyperref Info: Link coloring ON on input line 6448.
Package hyperref Info: Link coloring with OCG OFF on input line 6455.
Package hyperref Info: PDF/A mode OFF on input line 6460.
LaTeX Info: Redefining \ref on input line 6500.
LaTeX Info: Redefining \pageref on input line 6504.

(/usr/share/texlive/texmf-dist/tex/generic/atbegshi/atbegshi.sty
Package: atbegshi 2019/12/05 v1.19 At begin shipout hook (HO)
)
\Hy@abspage=\count188
\c@Item=\count189
\c@Hfootnote=\count190
)
Package hyperref Info: Driver: hpdftex.

(/usr/share/texlive/texmf-dist/tex/latex/hyperref/hpdftex.def
File: hpdftex.def 2020/01/14 v7.00d Hyperref driver for pdfTeX
\Fld@listcount=\count191
\c@bookmark@seq@number=\count192
\Hy@SectionHShift=\skip49
)
\pagenrlog=\write5
\openout5 = `alco.pnr'.


(/usr/share/texlive/texmf-dist/tex/latex/enumitem/enumitem.sty
Package: enumitem 2019/06/20 v3.9 Customized lists
\labelindent=\skip50
\enit@outerparindent=\dimen147
\enit@toks=\toks19
\enit@inbox=\box46
\enit@count@id=\count193
\enitdp@description=\count194
)
(/usr/share/texlive/texmf-dist/tex/latex/l3backend/l3backend-pdfmode.def
File: l3backend-pdfmode.def 2020-02-03 L3 backend support: PDF mode
\l__kernel_color_stack_int=\count195
\l__pdf_internal_box=\box47
)
(./alco.aux)
\openout1 = `alco.aux'.

LaTeX Font Info:    Checking defaults for OML/cmm/m/it on input line 87.
LaTeX Font Info:    ... okay on input line 87.
LaTeX Font Info:    Checking defaults for OMS/cmsy/m/n on input line 87.
LaTeX Font Info:    ... okay on input line 87.
LaTeX Font Info:    Checking defaults for OT1/cmr/m/n on input line 87.
LaTeX Font Info:    ... okay on input line 87.
LaTeX Font Info:    Checking defaults for T1/cmr/m/n on input line 87.
LaTeX Font Info:    ... okay on input line 87.
LaTeX Font Info:    Checking defaults for TS1/cmr/m/n on input line 87.
LaTeX Font Info:    ... okay on input line 87.
LaTeX Font Info:    Checking defaults for OMX/cmex/m/n on input line 87.
LaTeX Font Info:    ... okay on input line 87.
LaTeX Font Info:    Checking defaults for U/cmr/m/n on input line 87.
LaTeX Font Info:    ... okay on input line 87.
LaTeX Font Info:    Checking defaults for PD1/pdf/m/n on input line 87.
LaTeX Font Info:    ... okay on input line 87.

*geometry* driver: auto-detecting
*geometry* detected driver: pdftex
*geometry* verbose mode - [ preamble ] result:
* driver: pdftex
* paper: a4paper
* layout: <same size as paper>
* layoutoffset:(h,v)=(0.0pt,0.0pt)
* modes: 
* h-part:(L,W,R)=(76.82243pt, 443.863pt, 76.82243pt)
* v-part:(T,H,B)=(105.27519pt, 634.49646pt, 105.27519pt)
* \paperwidth=597.50787pt
* \paperheight=845.04684pt
* \textwidth=443.863pt
* \textheight=634.49646pt
* \oddsidemargin=4.55244pt
* \evensidemargin=4.55244pt
* \topmargin=-3.9948pt
* \headheight=12.0pt
* \headsep=25.0pt
* \topskip=11.0pt
* \footskip=30.0pt
* \marginparwidth=50.0pt
* \marginparsep=10.0pt
* \columnsep=10.0pt
* \skip\footins=10.0pt plus 4.0pt minus 2.0pt
* \hoffset=0.0pt
* \voffset=0.0pt
* \mag=1000
* \@twocolumnfalse
* \@twosidefalse
* \@mparswitchfalse
* \@reversemarginfalse
* (1in=72.27pt=25.4mm, 1cm=28.453pt)

(/usr/share/texlive/texmf-dist/tex/context/base/mkii/supp-pdf.mkii
[Loading MPS to PDF converter (version 2006.09.02).]
\scratchcounter=\count196
\scratchdimen=\dimen148
\scratchbox=\box48
\nofMPsegments=\count197
\nofMParguments=\count198
\everyMPshowfont=\toks20
\MPscratchCnt=\count199
\MPscratchDim=\dimen149
\MPnumerator=\count266
\makeMPintoPDFobject=\count267
\everyMPtoPDFconversion=\toks21
)
\big@size=\dimen150
\AtBeginShipoutBox=\box49
Package hyperref Info: Link coloring ON on input line 87.
 (/usr/share/texlive/texmf-dist/tex/latex/hyperref/nameref.sty
Package: nameref 2019/09/16 v2.46 Cross-referencing by name of section

(/usr/share/texlive/texmf-dist/tex/latex/refcount/refcount.sty
Package: refcount 2019/12/15 v3.6 Data extraction from label references (HO)
)
(/usr/share/texlive/texmf-dist/tex/generic/gettitlestring/gettitlestring.sty
Package: gettitlestring 2019/12/15 v1.6 Cleanup title references (HO)
)
\c@section@level=\count268
)
LaTeX Info: Redefining \ref on input line 87.
LaTeX Info: Redefining \pageref on input line 87.
LaTeX Info: Redefining \nameref on input line 87.

(./alco.out) (./alco.out)
\@outlinefile=\write6
\openout6 = `alco.out'.

LaTeX Font Info:    Trying to load font information for T1+phv on input line 93
.

(/usr/share/texlive/texmf-dist/tex/latex/psnfss/t1phv.fd
File: t1phv.fd 2001/06/04 scalable font definitions for T1/phv.
)
LaTeX Font Info:    Trying to load font information for T1+cmtt on input line 1
06.

(/usr/share/texlive/texmf-dist/tex/latex/base/t1cmtt.fd
File: t1cmtt.fd 2019/12/16 v2.5j Standard LaTeX font definitions
)
Underfull \hbox (badness 10000) in paragraph at lines 104--107

 []

[1

{/var/lib/texmf/fonts/map/pdftex/updmap/pdftex.map}]
LaTeX Font Info:    Trying to load font information for TS1+ptm on input line 1
13.

(/usr/share/texlive/texmf-dist/tex/latex/psnfss/ts1ptm.fd
File: ts1ptm.fd 2001/06/04 font definitions for TS1/ptm.
)
Underfull \hbox (badness 10000) in paragraph at lines 117--118

 []

[2] (./alco.toc
LaTeX Font Info:    Trying to load font information for OT1+ztmcm on input line
 3.
 (/usr/share/texlive/texmf-dist/tex/latex/psnfss/ot1ztmcm.fd
File: ot1ztmcm.fd 2000/01/03 Fontinst v1.801 font definitions for OT1/ztmcm.
)
LaTeX Font Info:    Trying to load font information for OML+ztmcm on input line
 3.

(/usr/share/texlive/texmf-dist/tex/latex/psnfss/omlztmcm.fd
File: omlztmcm.fd 2000/01/03 Fontinst v1.801 font definitions for OML/ztmcm.
)
LaTeX Font Info:    Trying to load font information for OMS+ztmcm on input line
 3.

(/usr/share/texlive/texmf-dist/tex/latex/psnfss/omsztmcm.fd
File: omsztmcm.fd 2000/01/03 Fontinst v1.801 font definitions for OMS/ztmcm.
)
LaTeX Font Info:    Trying to load font information for OMX+ztmcm on input line
 3.

(/usr/share/texlive/texmf-dist/tex/latex/psnfss/omxztmcm.fd
File: omxztmcm.fd 2000/01/03 Fontinst v1.801 font definitions for OMX/ztmcm.
)
LaTeX Font Info:    Trying to load font information for OT1+ptm on input line 3
.

(/usr/share/texlive/texmf-dist/tex/latex/psnfss/ot1ptm.fd
File: ot1ptm.fd 2001/06/04 font definitions for OT1/ptm.
)
LaTeX Font Info:    Font shape `OT1/ptm/bx/n' in size <10.95> not available
(Font)              Font shape `OT1/ptm/b/n' tried instead on input line 3.
LaTeX Font Info:    Font shape `OT1/ptm/bx/n' in size <8> not available
(Font)              Font shape `OT1/ptm/b/n' tried instead on input line 3.
LaTeX Font Info:    Font shape `OT1/ptm/bx/n' in size <6> not available
(Font)              Font shape `OT1/ptm/b/n' tried instead on input line 3.
)
\tf@toc=\write7
\openout7 = `alco.toc'.

 [3

]
Chapter 1.
LaTeX Font Info:    Font shape `T1/cmtt/bx/n' in size <10> not available
(Font)              Font shape `T1/cmtt/m/n' tried instead on input line 142.
[4

] [5]
Chapter 2.

Underfull \hbox (badness 10000) in paragraph at lines 213--225

 []


Underfull \hbox (badness 10000) in paragraph at lines 235--238

 []

[6

]
Underfull \hbox (badness 10000) in paragraph at lines 265--268

 []


Underfull \hbox (badness 10000) in paragraph at lines 295--298

 []


Underfull \hbox (badness 10000) in paragraph at lines 312--315

 []

LaTeX Font Info:    Font shape `T1/cmtt/bx/n' in size <12> not available
(Font)              Font shape `T1/cmtt/m/n' tried instead on input line 329.

Underfull \hbox (badness 10000) in paragraph at lines 332--335

 []

[7]
Underfull \hbox (badness 10000) in paragraph at lines 363--366

 []


Underfull \hbox (badness 10000) in paragraph at lines 383--386

 []


Underfull \hbox (badness 10000) in paragraph at lines 400--403

 []

[8]
Underfull \hbox (badness 10000) in paragraph at lines 435--438

 []


Underfull \hbox (badness 10000) in paragraph at lines 447--450

 []


Underfull \hbox (badness 10000) in paragraph at lines 459--462

 []


Underfull \hbox (badness 10000) in paragraph at lines 477--480

 []

[9]
Underfull \hbox (badness 10000) in paragraph at lines 489--492

 []


Underfull \hbox (badness 10000) in paragraph at lines 521--524

 []


Underfull \hbox (badness 10000) in paragraph at lines 543--546

 []


Underfull \hbox (badness 10000) in paragraph at lines 563--566

 []

[10]
Underfull \hbox (badness 10000) in paragraph at lines 575--578

 []


Underfull \hbox (badness 10000) in paragraph at lines 587--590

 []


Underfull \hbox (badness 10000) in paragraph at lines 613--616

 []


Underfull \hbox (badness 10000) in paragraph at lines 635--641

 []

[11]
Underfull \hbox (badness 10000) in paragraph at lines 664--667

 []


Underfull \hbox (badness 10000) in paragraph at lines 685--688

 []

[12]
Chapter 3.

Underfull \hbox (badness 10000) in paragraph at lines 718--724

 []


Underfull \hbox (badness 10000) in paragraph at lines 734--737

 []


Underfull \hbox (badness 10000) in paragraph at lines 746--749

 []


Underfull \hbox (badness 10000) in paragraph at lines 758--761

 []


Underfull \hbox (badness 10000) in paragraph at lines 770--773

 []

[13

]
Underfull \hbox (badness 10000) in paragraph at lines 782--785

 []


Underfull \hbox (badness 10000) in paragraph at lines 794--797

 []


Underfull \hbox (badness 10000) in paragraph at lines 812--815

 []


Underfull \hbox (badness 10000) in paragraph at lines 832--835

 []

[14]
Underfull \hbox (badness 10000) in paragraph at lines 865--868

 []


Underfull \hbox (badness 10000) in paragraph at lines 890--893

 []


Underfull \hbox (badness 10000) in paragraph at lines 918--921

 []

[15]
Underfull \hbox (badness 10000) in paragraph at lines 931--934

 []


Underfull \hbox (badness 10000) in paragraph at lines 954--957

 []


Underfull \hbox (badness 10000) in paragraph at lines 985--988

 []


Underfull \hbox (badness 10000) in paragraph at lines 998--1001

 []

[16]
Underfull \hbox (badness 10000) in paragraph at lines 1026--1029

 []


Underfull \hbox (badness 10000) in paragraph at lines 1054--1057

 []


Underfull \hbox (badness 10000) in paragraph at lines 1059--1060
[]\T1/ptm/m/n/10.95 For \T1/cmtt/m/n/10.95 IsJordanAlgebraObj( [] )\T1/ptm/m/n/
10.95 , re-turns the ad-ju-gate of [], which sat-is-fies
 []


Underfull \hbox (badness 3375) in paragraph at lines 1059--1060
\T1/cmtt/m/n/10.95 x*JordanAdjugate(x) = One(x)*Determinant(x)\T1/ptm/m/n/10.95
 . When \T1/cmtt/m/n/10.95 Determinant(x) \T1/ptm/m/n/10.95 is non-zero,
 []


Underfull \hbox (badness 10000) in paragraph at lines 1066--1069

 []

[17] [18]
Chapter 4.

Underfull \hbox (badness 10000) in paragraph at lines 1090--1093

 []


Underfull \hbox (badness 10000) in paragraph at lines 1113--1119

 []


Underfull \hbox (badness 10000) in paragraph at lines 1134--1143

 []

[19

]
Underfull \hbox (badness 10000) in paragraph at lines 1154--1157

 []


Underfull \hbox (badness 10000) in paragraph at lines 1177--1183

 []


Underfull \hbox (badness 10000) in paragraph at lines 1199--1202

 []

[20]
Underfull \hbox (badness 10000) in paragraph at lines 1226--1229

 []


Underfull \hbox (badness 10000) in paragraph at lines 1260--1263

 []


Underfull \hbox (badness 10000) in paragraph at lines 1272--1275

 []

[21]
Underfull \hbox (badness 10000) in paragraph at lines 1293--1296

 []


Underfull \hbox (badness 10000) in paragraph at lines 1312--1315

 []


Underfull \hbox (badness 10000) in paragraph at lines 1331--1334

 []


Underfull \hbox (badness 10000) in paragraph at lines 1354--1357

 []

[22]
Underfull \hbox (badness 10000) in paragraph at lines 1368--1371

 []


Underfull \hbox (badness 10000) in paragraph at lines 1394--1409

 []


Underfull \hbox (badness 10000) in paragraph at lines 1419--1422

 []


Underfull \hbox (badness 10000) in paragraph at lines 1431--1434

 []

[23]
Underfull \hbox (badness 10000) in paragraph at lines 1456--1459

 []


Underfull \hbox (badness 10000) in paragraph at lines 1468--1471

 []


Underfull \hbox (badness 10000) in paragraph at lines 1473--1475
[]\T1/ptm/m/n/10.95 For a de-sign [] that sat-is-fies \T1/cmtt/m/n/10.95 IsDesi
gnWithPositiveIndicatorCoefficients\T1/ptm/m/n/10.95 ,
 []


Underfull \hbox (badness 10000) in paragraph at lines 1492--1495

 []


Underfull \hbox (badness 10000) in paragraph at lines 1497--1498
[]\T1/ptm/m/n/10.95 The an-ni-hi-la-tor poly-no-mial for de-sign [] is de-fined
 by mul-ti-ply-ing the
 []


Underfull \hbox (badness 10000) in paragraph at lines 1511--1514

 []

[24]
Underfull \hbox (badness 10000) in paragraph at lines 1516--1518
[]\T1/ptm/m/n/10.95 The in-di-ca-tor co-ef-fi-cients for de-sign [] are de-fine
d by mul-ti-ply-ing
 []


Underfull \hbox (badness 1448) in paragraph at lines 1516--1518
\T1/cmtt/m/n/10.95 DesignNormalizedIndicatorCoefficients([]) \T1/ptm/m/n/10.95 
by  \T1/cmtt/m/n/10.95 DesignCardinality([])\T1/ptm/m/n/10.95 . These in-di-
 []


Underfull \hbox (badness 10000) in paragraph at lines 1537--1540

 []


Underfull \hbox (badness 10000) in paragraph at lines 1562--1565

 []


Underfull \hbox (badness 10000) in paragraph at lines 1585--1588

 []

[25]
Underfull \hbox (badness 10000) in paragraph at lines 1608--1611

 []


Underfull \hbox (badness 10000) in paragraph at lines 1630--1633

 []


Underfull \hbox (badness 10000) in paragraph at lines 1651--1654

 []

[26]
Underfull \hbox (badness 10000) in paragraph at lines 1671--1674

 []


Underfull \hbox (badness 2285) in paragraph at lines 1676--1677
[]\T1/ptm/m/n/10.95 As de-scribe in [[], p. 58][], the sec-ond eigen-ma-trix of
 a Bose-Mesner al-ge-bra
 []


Underfull \hbox (badness 1062) in paragraph at lines 1676--1677
\T1/ptm/m/n/10.95 sis $\OML/ztmcm/m/it/10.95 A[]$ \T1/ptm/m/n/10.95 as fol-lows
: $\OML/ztmcm/m/it/10.95 E[] \OT1/ztmcm/m/n/10.95 = (1\OML/ztmcm/m/it/10.95 =v\
OT1/ztmcm/m/n/10.95 ) [][] \OML/ztmcm/m/it/10.95 Q[]\OT1/ztmcm/m/n/10.95 (\OML/
ztmcm/m/it/10.95 j\OT1/ztmcm/m/n/10.95 )\OML/ztmcm/m/it/10.95 A[]$\T1/ptm/m/n/1
0.95 . This at-tribute re-turns the com-po-nent $\OML/ztmcm/m/it/10.95 Q[]\OT1/
ztmcm/m/n/10.95 (\OML/ztmcm/m/it/10.95 j\OT1/ztmcm/m/n/10.95 )$ \T1/ptm/m/n/10.
95 as
 []


Underfull \hbox (badness 10000) in paragraph at lines 1693--1696

 []


Underfull \hbox (badness 10000) in paragraph at lines 1712--1715

 []

[27]
Underfull \hbox (badness 10000) in paragraph at lines 1732--1735

 []

[28] [29] [30]
Chapter 5.

Underfull \hbox (badness 10000) in paragraph at lines 1877--1880

 []


Underfull \hbox (badness 10000) in paragraph at lines 1889--1892

 []


Underfull \hbox (badness 10000) in paragraph at lines 1901--1904

 []


Underfull \hbox (badness 10000) in paragraph at lines 1920--1923

 []


Underfull \hbox (badness 1442) in paragraph at lines 1925--1927
[]\T1/ptm/m/n/10.95 For [] a list of oc-to-nion vec-tors, so that [] sat-is-fie
s \T1/cmtt/m/n/10.95 IsOctonionCollColl\T1/ptm/m/n/10.95 , this
 []


Underfull \hbox (badness 1762) in paragraph at lines 1925--1927
\T1/ptm/m/n/10.95 func-tion con-structs a free left $\U/msb/m/n/10.95 Z$\T1/ptm
/m/n/10.95 -module that sat-is-fies \T1/cmtt/m/n/10.95 IsOctonionLattice\T1/ptm
/m/n/10.95 . The at-tribute
 []


Underfull \hbox (badness 4505) in paragraph at lines 1925--1927
\T1/cmtt/m/n/10.95 LeftActingDomain \T1/ptm/m/n/10.95 is set to \T1/cmtt/m/n/10
.95 Integers \T1/ptm/m/n/10.95 and the in-put [] is stored as the at-tribute
 []

[31

pdfTeX warning (ext4): destination with the same identifier (name{L.X7F6AA3C97E
706F4F}) has been already used, duplicate ignored

\AtBegShi@Output ...ipout \box \AtBeginShipoutBox 
                                                  \fi \fi 
l.1927 ...tsize=\small,frame=single,label=Example]
                                                  ]
Underfull \hbox (badness 10000) in paragraph at lines 1945--1948

 []


Underfull \hbox (badness 10000) in paragraph at lines 1958--1961

 []


Underfull \hbox (badness 10000) in paragraph at lines 1971--1974

 []


Underfull \hbox (badness 10000) in paragraph at lines 1976--1978
[]\T1/ptm/m/n/10.95 For [] sat-is-fy-ing \T1/cmtt/m/n/10.95 IsOctonionLattice \
T1/ptm/m/n/10.95 these at-tributes de-ter-mine the lat-tice rank,
 []


Underfull \hbox (badness 4108) in paragraph at lines 1976--1978
\T1/ptm/m/n/10.95 which is equiv-a-lent to the lat-tice di-men-sion. The value 
is com-puted by de-ter-min-ing
 []


Underfull \hbox (badness 10000) in paragraph at lines 1984--1987

 []


Underfull \hbox (badness 10000) in paragraph at lines 1989--1990
[]\T1/ptm/m/n/10.95 This at-tributes con-verts the lat-tice gen-er-a-tors, stor
ed as
 []


Underfull \hbox (badness 10000) in paragraph at lines 1989--1990
\T1/cmtt/m/n/10.95 GeneratorsOfLeftOperatorAdditiveGroup([])\T1/ptm/m/n/10.95 ,
 into a list of co-
 []


Underfull \hbox (badness 10000) in paragraph at lines 1989--1990
\T1/ptm/m/n/10.95 ef-fi-cients. For each gen-er-at-ing vec-tor [], the co-ef-fi
-cient list
 []


Underfull \hbox (badness 10000) in paragraph at lines 1989--1990
\T1/cmtt/m/n/10.95 OctonionToRealVector(CanonicalBasis(UnderlyingOctonionRing([
])), []) \T1/ptm/m/n/10.95 is added
 []


Underfull \hbox (badness 10000) in paragraph at lines 1996--1999

 []

[32]
Underfull \hbox (badness 10000) in paragraph at lines 2001--2002
[]\T1/ptm/m/n/10.95 This at-tribute stores the re-sult of \T1/cmtt/m/n/10.95 LL
LReducedBasis([],
 []


Underfull \hbox (badness 10000) in paragraph at lines 2008--2011

 []


Underfull \hbox (badness 10000) in paragraph at lines 2020--2023

 []


Underfull \hbox (badness 10000) in paragraph at lines 2025--2026
[]\T1/ptm/m/n/10.95 This at-tribute stores the vec-torspace over \T1/cmtt/m/n/1
0.95 GF(2) \T1/ptm/m/n/10.95 gen-er-ated by the vec-tors
 []


Underfull \hbox (badness 10000) in paragraph at lines 2031--2043

 []


Underfull \hbox (badness 10000) in paragraph at lines 2058--2061

 []


Underfull \hbox (badness 10000) in paragraph at lines 2063--2065
[]\T1/ptm/m/n/10.95 For [] sat-is-fy-ing \T1/cmtt/m/n/10.95 IsOctonionLattice \
T1/ptm/m/n/10.95 these at-tributes de-ter-mine the lat-tice rank,
 []


Underfull \hbox (badness 4108) in paragraph at lines 2063--2065
\T1/ptm/m/n/10.95 which is equiv-a-lent to the lat-tice di-men-sion. The value 
is com-puted by de-ter-min-ing
 []


Underfull \hbox (badness 10000) in paragraph at lines 2071--2074

 []

[33]
Underfull \hbox (badness 10000) in paragraph at lines 2083--2086

 []


Underfull \hbox (badness 10000) in paragraph at lines 2094--2100

 []


Underfull \hbox (badness 10000) in paragraph at lines 2109--2112

 []


Underfull \hbox (badness 10000) in paragraph at lines 2120--2126

 []

[34] (./alco.bbl (./alco.brf)
\tf@brf=\write8
\openout8 = `alco.brf'.

 [35]) [36

] (./alco.ind
Underfull \hbox (badness 10000) in paragraph at lines 42--44
[]\T1/cmtt/m/n/10.95 Design\T1/ptm/m/n/10.95 -\T1/cmtt/m/n/10.95 Normalized\T1/
ptm/m/n/10.95 -\T1/cmtt/m/n/10.95 Annihilator\T1/ptm/m/n/10.95 -\T1/cmtt/m/n/10
.95 Polynomial\T1/ptm/m/n/10.95 ,
 []


Underfull \hbox (badness 10000) in paragraph at lines 44--46
[]\T1/cmtt/m/n/10.95 Design\T1/ptm/m/n/10.95 -\T1/cmtt/m/n/10.95 Normalized\T1/
ptm/m/n/10.95 -\T1/cmtt/m/n/10.95 Indicator\T1/ptm/m/n/10.95 -\T1/cmtt/m/n/10.9
5 Coefficients\T1/ptm/m/n/10.95 ,
 []


Underfull \hbox (badness 10000) in paragraph at lines 82--84
[]\T1/cmtt/m/n/10.95 IsDesign\T1/ptm/m/n/10.95 -\T1/cmtt/m/n/10.95 With\T1/ptm/
m/n/10.95 -\T1/cmtt/m/n/10.95 Positive\T1/ptm/m/n/10.95 -\T1/cmtt/m/n/10.95 Ind
icator\T1/ptm/m/n/10.95 -
 []

[37


] [38])
Package atveryend Info: Empty hook `BeforeClearDocument' on input line 2179.
Package atveryend Info: Empty hook `AfterLastShipout' on input line 2179.
 (./alco.aux)
Package atveryend Info: Executing hook `AtVeryEndDocument' on input line 2179.
Package atveryend Info: Executing hook `AtEndAfterFileList' on input line 2179.

Package rerunfilecheck Info: File `alco.out' has not changed.
(rerunfilecheck)             Checksum: 0CD5F610B079FCB4916823796936F451;1687.
Package rerunfilecheck Info: File `alco.brf' has not changed.
(rerunfilecheck)             Checksum: 619DE562059C26615A23F7A43860D4D0;1312.
Package atveryend Info: Empty hook `AtVeryVeryEnd' on input line 2179.
 ) 
Here is how much of TeX's memory you used:
 7788 strings out of 483183
 117764 string characters out of 5966292
 376790 words of memory out of 5000000
 22344 multiletter control sequences out of 15000+600000
 601658 words of font info for 105 fonts, out of 8000000 for 9000
 14 hyphenation exceptions out of 8191
 47i,7n,37p,888b,641s stack positions out of 5000i,500n,10000p,200000b,80000s
 </home/bnasmith/.texlive2019/texmf-var/fonts/pk/ljfour/jknappen/ec/ectt1200.
600pk>{/usr/share/texlive/texmf-dist/fonts/enc/dvips/base/8r.enc} </home/bnasmi
th/.texlive2019/texmf-var/fonts/pk/ljfour/jknappen/ec/ecst1095.600pk> </home/bn
asmith/.texlive2019/texmf-var/fonts/pk/ljfour/jknappen/ec/ectt1095.600pk> </hom
e/bnasmith/.texlive2019/texmf-var/fonts/pk/ljfour/jknappen/ec/ectt1000.600pk></
usr/share/texlive/texmf-dist/fonts/type1/public/amsfonts/cm/cmmi10.pfb></usr/sh
are/texlive/texmf-dist/fonts/type1/public/amsfonts/cm/cmr10.pfb></usr/share/tex
live/texmf-dist/fonts/type1/public/amsfonts/cm/cmsy10.pfb></usr/share/texlive/t
exmf-dist/fonts/type1/public/amsfonts/symbols/msbm10.pfb></usr/share/texlive/te
xmf-dist/fonts/type1/urw/helvetic/uhvb8a.pfb></usr/share/texlive/texmf-dist/fon
ts/type1/urw/helvetic/uhvr8a.pfb></usr/share/texlive/texmf-dist/fonts/type1/urw
/helvetic/uhvro8a.pfb></usr/share/texlive/texmf-dist/fonts/type1/urw/symbol/usy
r.pfb></usr/share/texlive/texmf-dist/fonts/type1/urw/times/utmb8a.pfb></usr/sha
re/texlive/texmf-dist/fonts/type1/urw/times/utmr8a.pfb></usr/share/texlive/texm
f-dist/fonts/type1/urw/times/utmr8a.pfb></usr/share/texlive/texmf-dist/fonts/ty
pe1/urw/times/utmri8a.pfb>
Output written on alco.pdf (38 pages, 234106 bytes).
PDF statistics:
 984 PDF objects out of 1000 (max. 8388607)
 736 compressed objects within 8 object streams
 282 named destinations out of 1000 (max. 500000)
 201 words of extra memory for PDF output out of 10000 (max. 10000000)

